  glad.c
  Camera.cpp
  ClassWork.cpp
C:\Program Files (x86)\Windows Kits\10\Include\10.0.19041.0\shared\minwindef.h(130,1): warning C4005: 'APIENTRY': macro redefinition
D:\School\3rd Year\GADE7312\OpenGL work\ClassWork\Dependancies\include\glad\glad.h(32): message : see previous definition of 'APIENTRY'
  The contents of <filesystem> are available only with C++17 or later.
D:\School\3rd Year\GADE7312\OpenGL work\ClassWork\ClassWork\shader.h(45,40): warning C4101: 'e': unreferenced local variable
D:\School\3rd Year\GADE7312\OpenGL work\ClassWork\ClassWork\Level.h(20,17): warning C4305: 'initializing': truncation from 'double' to 'float'
D:\School\3rd Year\GADE7312\OpenGL work\ClassWork\ClassWork\Level.h(228,61): warning C4305: 'initializing': truncation from 'double' to 'float'
D:\School\3rd Year\GADE7312\OpenGL work\ClassWork\ClassWork\Level.h(855,1): warning C4267: 'initializing': conversion from 'size_t' to 'int', possible loss of data
D:\School\3rd Year\GADE7312\OpenGL work\ClassWork\ClassWork\Level.h(940,1): warning C4267: 'initializing': conversion from 'size_t' to 'int', possible loss of data
D:\School\3rd Year\GADE7312\OpenGL work\ClassWork\ClassWork\Level.h(941,1): warning C4267: 'initializing': conversion from 'size_t' to 'int', possible loss of data
D:\School\3rd Year\GADE7312\OpenGL work\ClassWork\ClassWork\Level.h(948,1): warning C4267: '=': conversion from 'size_t' to 'int', possible loss of data
D:\School\3rd Year\GADE7312\OpenGL work\ClassWork\ClassWork\Level.h(949,1): warning C4267: '=': conversion from 'size_t' to 'int', possible loss of data
D:\School\3rd Year\GADE7312\OpenGL work\ClassWork\ClassWork\Level.h(953,1): warning C4267: '=': conversion from 'size_t' to 'int', possible loss of data
D:\School\3rd Year\GADE7312\OpenGL work\ClassWork\ClassWork\Level.h(954,1): warning C4267: '=': conversion from 'size_t' to 'int', possible loss of data
D:\School\3rd Year\GADE7312\OpenGL work\ClassWork\ClassWork\Level.h(958,1): warning C4267: '=': conversion from 'size_t' to 'int', possible loss of data
D:\School\3rd Year\GADE7312\OpenGL work\ClassWork\ClassWork\Level.h(959,1): warning C4267: '=': conversion from 'size_t' to 'int', possible loss of data
D:\School\3rd Year\GADE7312\OpenGL work\ClassWork\ClassWork\Level.h(963,1): warning C4267: '=': conversion from 'size_t' to 'int', possible loss of data
D:\School\3rd Year\GADE7312\OpenGL work\ClassWork\ClassWork\Level.h(964,1): warning C4267: '=': conversion from 'size_t' to 'int', possible loss of data
D:\School\3rd Year\GADE7312\OpenGL work\ClassWork\ClassWork\Level.h(1089,1): warning C4305: 'argument': truncation from 'double' to 'float'
D:\School\3rd Year\GADE7312\OpenGL work\ClassWork\ClassWork\Level.h(1090,1): warning C4305: 'argument': truncation from 'double' to 'float'
D:\School\3rd Year\GADE7312\OpenGL work\ClassWork\ClassWork\Level.h(1097,1): warning C4305: 'argument': truncation from 'double' to 'float'
D:\School\3rd Year\GADE7312\OpenGL work\ClassWork\ClassWork\Level.h(1098,1): warning C4305: 'argument': truncation from 'double' to 'float'
D:\School\3rd Year\GADE7312\OpenGL work\ClassWork\ClassWork\Level.h(1105,1): warning C4305: 'argument': truncation from 'double' to 'float'
D:\School\3rd Year\GADE7312\OpenGL work\ClassWork\ClassWork\Level.h(1106,1): warning C4305: 'argument': truncation from 'double' to 'float'
D:\School\3rd Year\GADE7312\OpenGL work\ClassWork\ClassWork\Level.h(1114,1): warning C4305: 'argument': truncation from 'double' to 'float'
D:\School\3rd Year\GADE7312\OpenGL work\ClassWork\ClassWork\Level.h(1128,1): warning C4305: 'argument': truncation from 'double' to 'float'
D:\School\3rd Year\GADE7312\OpenGL work\ClassWork\ClassWork\Level.h(1129,1): warning C4305: 'argument': truncation from 'double' to 'float'
D:\School\3rd Year\GADE7312\OpenGL work\ClassWork\ClassWork\Level.h(1142,1): warning C4305: 'argument': truncation from 'double' to 'float'
D:\School\3rd Year\GADE7312\OpenGL work\ClassWork\ClassWork\Level.h(1143,1): warning C4305: 'argument': truncation from 'double' to 'float'
D:\School\3rd Year\GADE7312\OpenGL work\ClassWork\ClassWork\Mesh.h(92,1): warning C4267: 'argument': conversion from 'size_t' to 'GLsizei', possible loss of data
D:\School\3rd Year\GADE7312\OpenGL work\ClassWork\ClassWork\Mesh.h(97,1): warning C4267: 'return': conversion from 'size_t' to 'int', possible loss of data
D:\School\3rd Year\GADE7312\OpenGL work\ClassWork\ClassWork\ClassWork.cpp(157,62): warning C4244: 'argument': conversion from 'unsigned int' to 'GLfloat', possible loss of data
D:\School\3rd Year\GADE7312\OpenGL work\ClassWork\ClassWork\ClassWork.cpp(248,32): warning C4101: 'e': unreferenced local variable
D:\School\3rd Year\GADE7312\OpenGL work\ClassWork\ClassWork\ClassWork.cpp(927,11): warning C4244: '=': conversion from 'double' to 'float', possible loss of data
D:\School\3rd Year\GADE7312\OpenGL work\ClassWork\ClassWork\ClassWork.cpp(928,11): warning C4244: '=': conversion from 'double' to 'float', possible loss of data
D:\School\3rd Year\GADE7312\OpenGL work\ClassWork\ClassWork\ClassWork.cpp(933,16): warning C4244: 'initializing': conversion from 'double' to 'float', possible loss of data
D:\School\3rd Year\GADE7312\OpenGL work\ClassWork\ClassWork\ClassWork.cpp(934,16): warning C4244: 'initializing': conversion from 'double' to 'float', possible loss of data
D:\School\3rd Year\GADE7312\OpenGL work\ClassWork\ClassWork\ClassWork.cpp(935,10): warning C4244: '=': conversion from 'double' to 'float', possible loss of data
D:\School\3rd Year\GADE7312\OpenGL work\ClassWork\ClassWork\ClassWork.cpp(936,10): warning C4244: '=': conversion from 'double' to 'float', possible loss of data
D:\School\3rd Year\GADE7312\OpenGL work\ClassWork\ClassWork\ClassWork.cpp(953,28): warning C4244: 'argument': conversion from 'double' to 'float', possible loss of data
D:\School\3rd Year\GADE7312\OpenGL work\ClassWork\ClassWork\ClassWork.cpp(1313,36): warning C4244: 'argument': conversion from 'double' to 'float', possible loss of data
D:\School\3rd Year\GADE7312\OpenGL work\ClassWork\ClassWork\ClassWork.cpp(1315,37): warning C4244: 'argument': conversion from 'double' to 'float', possible loss of data
D:\School\3rd Year\GADE7312\OpenGL work\ClassWork\ClassWork\ClassWork.cpp(1317,33): warning C4244: 'argument': conversion from 'double' to 'float', possible loss of data
D:\School\3rd Year\GADE7312\OpenGL work\ClassWork\ClassWork\ClassWork.cpp(1319,34): warning C4244: 'argument': conversion from 'double' to 'float', possible loss of data
D:\School\3rd Year\GADE7312\OpenGL work\ClassWork\ClassWork\ClassWork.cpp(1321,33): warning C4244: 'argument': conversion from 'double' to 'float', possible loss of data
D:\School\3rd Year\GADE7312\OpenGL work\ClassWork\ClassWork\ClassWork.cpp(1323,31): warning C4244: 'argument': conversion from 'double' to 'float', possible loss of data
D:\School\3rd Year\GADE7312\OpenGL work\ClassWork\ClassWork\ClassWork.cpp(1437,13): warning C4834: discarding return value of function with 'nodiscard' attribute
D:\School\3rd Year\GADE7312\OpenGL work\ClassWork\ClassWork\ClassWork.cpp(1438,14): warning C4834: discarding return value of function with 'nodiscard' attribute
D:\School\3rd Year\GADE7312\OpenGL work\ClassWork\ClassWork\ClassWork.cpp(1571,18): warning C4305: '=': truncation from 'double' to 'T'
          with
          [
              T=float
          ]
D:\School\3rd Year\GADE7312\OpenGL work\ClassWork\ClassWork\ClassWork.cpp(1572,18): warning C4305: '=': truncation from 'double' to 'T'
          with
          [
              T=float
          ]
D:\School\3rd Year\GADE7312\OpenGL work\ClassWork\ClassWork\ClassWork.cpp(1573,18): warning C4305: '=': truncation from 'double' to 'T'
          with
          [
              T=float
          ]
D:\School\3rd Year\GADE7312\OpenGL work\ClassWork\ClassWork\ClassWork.cpp(1586,20): warning C4305: 'initializing': truncation from 'double' to 'float'
C:\Program Files (x86)\Microsoft Visual Studio\2019\Community\VC\Tools\MSVC\14.29.30133\include\xstring(2575,23): warning C4244: 'argument': conversion from 'wchar_t' to 'const _Elem', possible loss of data
          with
          [
              _Elem=char
          ]
C:\Program Files (x86)\Microsoft Visual Studio\2019\Community\VC\Tools\MSVC\14.29.30133\include\xstring(2586): message : see reference to function template instantiation 'void std::basic_string<char,std::char_traits<char>,std::allocator<char>>::_Construct<wchar_t*>(_Iter,const _Iter,std::input_iterator_tag)' being compiled
          with
          [
              _Iter=wchar_t *
          ]
C:\Program Files (x86)\Microsoft Visual Studio\2019\Community\VC\Tools\MSVC\14.29.30133\include\xstring(2586): message : see reference to function template instantiation 'void std::basic_string<char,std::char_traits<char>,std::allocator<char>>::_Construct<wchar_t*>(_Iter,const _Iter,std::input_iterator_tag)' being compiled
          with
          [
              _Iter=wchar_t *
          ]
C:\Program Files (x86)\Microsoft Visual Studio\2019\Community\VC\Tools\MSVC\14.29.30133\include\xstring(2566): message : see reference to function template instantiation 'void std::basic_string<char,std::char_traits<char>,std::allocator<char>>::_Construct<wchar_t*>(const _Iter,const _Iter,std::forward_iterator_tag)' being compiled
          with
          [
              _Iter=wchar_t *
          ]
C:\Program Files (x86)\Microsoft Visual Studio\2019\Community\VC\Tools\MSVC\14.29.30133\include\xstring(2566): message : see reference to function template instantiation 'void std::basic_string<char,std::char_traits<char>,std::allocator<char>>::_Construct<wchar_t*>(const _Iter,const _Iter,std::forward_iterator_tag)' being compiled
          with
          [
              _Iter=wchar_t *
          ]
D:\School\3rd Year\GADE7312\OpenGL work\ClassWork\ClassWork\ClassWork.cpp(583): message : see reference to function template instantiation 'std::basic_string<char,std::char_traits<char>,std::allocator<char>>::basic_string<std::_String_iterator<std::_String_val<std::_Simple_types<_Elem>>>,0>(_Iter,_Iter,const _Alloc &)' being compiled
          with
          [
              _Elem=wchar_t,
              _Iter=std::_String_iterator<std::_String_val<std::_Simple_types<wchar_t>>>,
              _Alloc=std::allocator<char>
          ]
D:\School\3rd Year\GADE7312\OpenGL work\ClassWork\ClassWork\ClassWork.cpp(583): message : see reference to function template instantiation 'std::basic_string<char,std::char_traits<char>,std::allocator<char>>::basic_string<std::_String_iterator<std::_String_val<std::_Simple_types<_Elem>>>,0>(_Iter,_Iter,const _Alloc &)' being compiled
          with
          [
              _Elem=wchar_t,
              _Iter=std::_String_iterator<std::_String_val<std::_Simple_types<wchar_t>>>,
              _Alloc=std::allocator<char>
          ]
  Generating code
  Previous IPDB not found, fall back to full compilation.
  All 1769 functions were compiled because no usable IPDB/IOBJ from previous compilation was found.
  Finished generating code
  ClassWork.vcxproj -> D:\School\3rd Year\GADE7312\OpenGL work\ClassWork\x64\Release\ClassWork.exe
